17.14.22 > Model imported...
17.14.22 > Creating topology...
17.14.23 > Finding path...
17.14.23 > Getting available pressure at sanitary terminal with ID 5423...
17.14.23 > Getting local pressure drop for connection with ID 6141...
17.14.23 > Getting fitting properties for fitting with ID 6141...
17.14.23 > Model imported...
17.14.23 > Creating topology...
17.14.24 > Finding path...
17.14.24 > Fitting properties:
17.14.24 > {'dim': [(0.025, 0.025), None, None], 'dir': [(0, 1, 0), None, None], 'type': 'EXIT'}
17.14.24 > Local pressure drop:
17.14.24 > 0.01214 m
17.14.24 > Getting pipe properties for pipe with ID 5399...
17.14.24 > Pipe properties:
17.14.24 > {'len': 0.959, 'dim': 0.025}
17.14.24 > Getting linear pressure drop for pipe with ID 5399...
17.14.24 > Linear pressure drop:
17.14.24 > 0.0097 m
17.14.24 > Getting local pressure drop for connection with ID 8356...
17.14.24 > Getting valve properties for valve with ID 8356...
17.14.24 > Model imported...
17.14.24 > Creating topology...
17.14.24 > Finding path...
17.14.24 > Valve properties:
17.14.24 > {'dim': [(0.025, 0.025), None, None], 'type': 'REGULATING'}
17.14.24 > Local pressure drop:
17.14.24 > 0.11534 m
17.14.24 > Getting pipe properties for pipe with ID 8375...
17.14.24 > Pipe properties:
17.14.24 > {'len': 0.168, 'dim': 0.025}
17.14.24 > Getting linear pressure drop for pipe with ID 8375...
17.14.24 > Linear pressure drop:
17.14.24 > 0.0017 m
17.14.24 > Getting local pressure drop for connection with ID 5434...
17.14.24 > Getting fitting properties for fitting with ID 5434...
17.14.24 > Model imported...
17.14.24 > Creating topology...
17.14.25 > Finding path...
17.14.25 > Fitting properties:
17.14.25 > {'dim': [(0.025, 0.025), None, None], 'dir': [(0, 0, 1), None, None], 'type': 'BEND'}
17.14.25 > Local pressure drop:
17.14.25 > 0.01214 m
17.14.25 > Getting pipe properties for pipe with ID 5376...
17.14.25 > Pipe properties:
17.14.25 > {'len': 0.696, 'dim': 0.025}
17.14.25 > Getting linear pressure drop for pipe with ID 5376...
17.14.25 > Linear pressure drop:
17.14.25 > 0.00704 m
17.14.25 > Getting local pressure drop for connection with ID 6943...
17.14.25 > Getting fitting properties for fitting with ID 6943...
17.14.25 > Model imported...
17.14.25 > Creating topology...
17.14.26 > Finding path...
17.14.26 > Fitting properties:
17.14.26 > {'dim': [(0.025, 0.025), (0.025, 0.025), (0.025, 0.025)], 'dir': [(1, 0, 0), (1, 0, 0), (1, 0, 0)], 'type': 'JUNCTION'}
17.14.26 > Local pressure drop:
17.14.26 > 0.13252 m
17.14.26 > Getting pipe properties for pipe with ID 4574...
17.14.26 > Pipe properties:
17.14.26 > {'len': 0.87, 'dim': 0.025}
17.14.26 > Getting linear pressure drop for pipe with ID 4574...
17.14.26 > Linear pressure drop:
17.14.26 > 0.04804 m
17.14.26 > Getting local pressure drop for connection with ID 8087...
17.14.26 > Getting valve properties for valve with ID 8087...
17.14.26 > Model imported...
17.14.26 > Creating topology...
17.14.26 > Finding path...
17.14.26 > Valve properties:
17.14.26 > {'dim': [(0.025, 0.025), (0.025, 0.025), (0.025, 0.025)], 'type': 'ISOLATING'}
17.14.26 > Local pressure drop:
17.14.26 > 0.01104 m
17.14.26 > Getting pipe properties for pipe with ID 8107...
17.14.26 > Pipe properties:
17.14.26 > {'len': 1.664, 'dim': 0.025}
17.14.26 > Getting linear pressure drop for pipe with ID 8107...
17.14.26 > Linear pressure drop:
17.14.26 > 0.09188 m
17.14.26 > Getting local pressure drop for connection with ID 5357...
17.14.26 > Getting fitting properties for fitting with ID 5357...
17.14.26 > Model imported...
17.14.26 > Creating topology...
17.14.27 > Finding path...
17.14.27 > Fitting properties:
17.14.27 > {'dim': [(0.025, 0.025), (0.025, 0.025), (0.025, 0.025)], 'dir': [(0, 0, 1), (0, 0, 1), (0, 0, 1)], 'type': 'BEND'}
17.14.27 > Local pressure drop:
17.14.27 > 0.06626 m
17.14.27 > Getting pipe properties for pipe with ID 8398...
17.14.27 > Pipe properties:
17.14.27 > {'len': 0.549, 'dim': 0.025}
17.14.27 > Getting linear pressure drop for pipe with ID 8398...
17.14.27 > Linear pressure drop:
17.14.27 > 0.03031 m
17.14.27 > Available pressure at the sanitary terminal:
17.14.27 > 1.27 m
17.19.16 > Model imported...
17.19.16 > Creating topology...
17.19.17 > Finding path...
17.19.17 > Getting available pressure at sanitary terminal with ID 5423...
17.19.17 > Getting local pressure drop for connection with ID 6141...
17.19.17 > Getting fitting properties for fitting with ID 6141...
17.19.17 > Model imported...
17.19.17 > Creating topology...
17.19.17 > Finding path...
17.19.17 > Fitting properties:
17.19.17 > {'dim': [(0.025, 0.025), None, None], 'dir': [(0, 1, 0), None, None], 'type': 'EXIT'}
17.19.17 > Local pressure drop:
17.19.17 > 0.01214 m
17.19.17 > Getting pipe properties for pipe with ID 5399...
17.19.17 > Pipe properties:
17.19.17 > {'len': 0.959, 'dim': 0.025}
17.19.17 > Getting linear pressure drop for pipe with ID 5399...
17.19.17 > Linear pressure drop:
17.19.17 > 114136837.46785 m
17.19.17 > Getting local pressure drop for connection with ID 8356...
17.19.17 > Getting valve properties for valve with ID 8356...
17.19.17 > Model imported...
17.19.17 > Creating topology...
17.19.18 > Finding path...
17.19.18 > Valve properties:
17.19.18 > {'dim': [(0.025, 0.025), None, None], 'type': 'REGULATING'}
17.19.18 > Local pressure drop:
17.19.18 > 0.11534 m
17.19.18 > Getting pipe properties for pipe with ID 8375...
17.19.18 > Pipe properties:
17.19.18 > {'len': 0.168, 'dim': 0.025}
17.19.18 > Getting linear pressure drop for pipe with ID 8375...
17.19.18 > Linear pressure drop:
17.19.18 > 19994774.44692 m
17.19.18 > Getting local pressure drop for connection with ID 5434...
17.19.18 > Getting fitting properties for fitting with ID 5434...
17.19.18 > Model imported...
17.19.18 > Creating topology...
17.19.18 > Finding path...
17.19.18 > Fitting properties:
17.19.18 > {'dim': [(0.025, 0.025), None, None], 'dir': [(0, 0, 1), None, None], 'type': 'BEND'}
17.19.18 > Local pressure drop:
17.19.18 > 0.01214 m
17.19.18 > Getting pipe properties for pipe with ID 5376...
17.19.18 > Pipe properties:
17.19.18 > {'len': 0.696, 'dim': 0.025}
17.19.18 > Getting linear pressure drop for pipe with ID 5376...
17.19.18 > Linear pressure drop:
17.19.18 > 82835494.13725 m
17.19.18 > Getting local pressure drop for connection with ID 6943...
17.19.18 > Getting fitting properties for fitting with ID 6943...
17.19.19 > Model imported...
17.19.19 > Creating topology...
17.19.19 > Finding path...
17.19.19 > Fitting properties:
17.19.19 > {'dim': [(0.025, 0.025), (0.025, 0.025), (0.025, 0.025)], 'dir': [(1, 0, 0), (1, 0, 0), (1, 0, 0)], 'type': 'JUNCTION'}
17.19.19 > Local pressure drop:
17.19.19 > 0.13252 m
17.19.19 > Getting pipe properties for pipe with ID 4574...
17.19.19 > Pipe properties:
17.19.19 > {'len': 0.87, 'dim': 0.025}
17.19.19 > Getting linear pressure drop for pipe with ID 4574...
17.19.19 > Linear pressure drop:
17.19.19 > 514661279.61182 m
17.19.19 > Getting local pressure drop for connection with ID 8087...
17.19.19 > Getting valve properties for valve with ID 8087...
17.19.19 > Model imported...
17.19.19 > Creating topology...
17.19.20 > Finding path...
17.19.20 > Valve properties:
17.19.20 > {'dim': [(0.025, 0.025), (0.025, 0.025), (0.025, 0.025)], 'type': 'ISOLATING'}
17.19.20 > Local pressure drop:
17.19.20 > 0.01104 m
17.19.20 > Getting pipe properties for pipe with ID 8107...
17.19.20 > Pipe properties:
17.19.20 > {'len': 1.664, 'dim': 0.025}
17.19.20 > Getting linear pressure drop for pipe with ID 8107...
17.19.20 > Linear pressure drop:
17.19.20 > 984363642.84375 m
17.19.20 > Getting local pressure drop for connection with ID 5357...
17.19.20 > Getting fitting properties for fitting with ID 5357...
17.19.20 > Model imported...
17.19.20 > Creating topology...
17.19.20 > Finding path...
17.19.20 > Fitting properties:
17.19.20 > {'dim': [(0.025, 0.025), (0.025, 0.025), (0.025, 0.025)], 'dir': [(0, 0, 1), (0, 0, 1), (0, 0, 1)], 'type': 'BEND'}
17.19.20 > Local pressure drop:
17.19.20 > 0.06626 m
17.19.20 > Getting pipe properties for pipe with ID 8398...
17.19.20 > Pipe properties:
17.19.20 > {'len': 0.549, 'dim': 0.025}
17.19.20 > Getting linear pressure drop for pipe with ID 8398...
17.19.20 > Linear pressure drop:
17.19.20 > 324769014.37573 m
17.19.20 > Available pressure at the sanitary terminal:
17.19.20 > -2040761041.43 m
17.21.15 > Model imported...
17.21.15 > Creating topology...
17.21.16 > Finding path...
17.21.16 > Getting available pressure at sanitary terminal with ID 5423...
17.21.16 > Getting local pressure drop for connection with ID 6141...
17.21.16 > Getting fitting properties for fitting with ID 6141...
17.21.16 > Model imported...
17.21.16 > Creating topology...
17.21.16 > Finding path...
17.21.16 > Fitting properties:
17.21.16 > {'dim': [(0.025, 0.025), None, None], 'dir': [(0, 1, 0), None, None], 'type': 'EXIT'}
17.21.16 > Local pressure drop:
17.21.16 > 0.01214 m
17.21.16 > Getting pipe properties for pipe with ID 5399...
17.21.16 > Pipe properties:
17.21.16 > {'len': 0.959, 'dim': 0.025}
17.21.16 > Getting linear pressure drop for pipe with ID 5399...
17.21.16 > Linear pressure drop:
17.21.16 > 0.01128 m
17.21.16 > Getting local pressure drop for connection with ID 8356...
17.21.16 > Getting valve properties for valve with ID 8356...
17.21.16 > Model imported...
17.21.16 > Creating topology...
17.21.17 > Finding path...
17.21.17 > Valve properties:
17.21.17 > {'dim': [(0.025, 0.025), None, None], 'type': 'REGULATING'}
17.21.17 > Local pressure drop:
17.21.17 > 0.11534 m
17.21.17 > Getting pipe properties for pipe with ID 8375...
17.21.17 > Pipe properties:
17.21.17 > {'len': 0.168, 'dim': 0.025}
17.21.17 > Getting linear pressure drop for pipe with ID 8375...
17.21.17 > Linear pressure drop:
17.21.17 > 0.00198 m
17.21.17 > Getting local pressure drop for connection with ID 5434...
17.21.17 > Getting fitting properties for fitting with ID 5434...
17.21.17 > Model imported...
17.21.17 > Creating topology...
17.21.17 > Finding path...
17.21.17 > Fitting properties:
17.21.17 > {'dim': [(0.025, 0.025), None, None], 'dir': [(0, 0, 1), None, None], 'type': 'BEND'}
17.21.18 > Local pressure drop:
17.21.18 > 0.01214 m
17.21.18 > Getting pipe properties for pipe with ID 5376...
17.21.18 > Pipe properties:
17.21.18 > {'len': 0.696, 'dim': 0.025}
17.21.18 > Getting linear pressure drop for pipe with ID 5376...
17.21.18 > Linear pressure drop:
17.21.18 > 0.00819 m
17.21.18 > Getting local pressure drop for connection with ID 6943...
17.21.18 > Getting fitting properties for fitting with ID 6943...
17.21.18 > Model imported...
17.21.18 > Creating topology...
17.21.18 > Finding path...
17.21.18 > Fitting properties:
17.21.18 > {'dim': [(0.025, 0.025), (0.025, 0.025), (0.025, 0.025)], 'dir': [(1, 0, 0), (1, 0, 0), (1, 0, 0)], 'type': 'JUNCTION'}
17.21.18 > Local pressure drop:
17.21.18 > 0.13252 m
17.21.18 > Getting pipe properties for pipe with ID 4574...
17.21.18 > Pipe properties:
17.21.18 > {'len': 0.87, 'dim': 0.025}
17.21.18 > Getting linear pressure drop for pipe with ID 4574...
17.21.18 > Linear pressure drop:
17.21.18 > 0.05087 m
17.21.18 > Getting local pressure drop for connection with ID 8087...
17.21.18 > Getting valve properties for valve with ID 8087...
17.21.18 > Model imported...
17.21.18 > Creating topology...
17.21.19 > Finding path...
17.21.19 > Valve properties:
17.21.19 > {'dim': [(0.025, 0.025), (0.025, 0.025), (0.025, 0.025)], 'type': 'ISOLATING'}
17.21.19 > Local pressure drop:
17.21.19 > 0.01104 m
17.21.19 > Getting pipe properties for pipe with ID 8107...
17.21.19 > Pipe properties:
17.21.19 > {'len': 1.664, 'dim': 0.025}
17.21.19 > Getting linear pressure drop for pipe with ID 8107...
17.21.19 > Linear pressure drop:
17.21.19 > 0.0973 m
17.21.19 > Getting local pressure drop for connection with ID 5357...
17.21.19 > Getting fitting properties for fitting with ID 5357...
17.21.19 > Model imported...
17.21.19 > Creating topology...
17.21.19 > Finding path...
17.21.19 > Fitting properties:
17.21.19 > {'dim': [(0.025, 0.025), (0.025, 0.025), (0.025, 0.025)], 'dir': [(0, 0, 1), (0, 0, 1), (0, 0, 1)], 'type': 'BEND'}
17.21.19 > Local pressure drop:
17.21.19 > 0.06626 m
17.21.19 > Getting pipe properties for pipe with ID 8398...
17.21.19 > Pipe properties:
17.21.19 > {'len': 0.549, 'dim': 0.025}
17.21.19 > Getting linear pressure drop for pipe with ID 8398...
17.21.19 > Linear pressure drop:
17.21.19 > 0.0321 m
17.21.19 > Available pressure at the sanitary terminal:
17.21.19 > 1.25 m
17.23.53 > Model imported...
17.23.53 > Creating topology...
17.23.54 > Finding path...
17.24.07 > Model imported...
17.24.07 > Creating topology...
17.24.08 > Finding path...
17.24.08 > Getting available pressure at sanitary terminal with ID 6986...
17.24.08 > Getting local pressure drop for connection with ID 17772...
17.24.08 > Getting fitting properties for fitting with ID 17772...
17.24.08 > Model imported...
17.24.08 > Creating topology...
17.24.08 > Finding path...
17.24.08 > Fitting properties:
17.24.08 > {'dim': [None, (0.025, 0.025), None], 'dir': [None, (0, 1, 0), None], 'type': 'EXIT'}
17.24.08 > Local pressure drop:
17.24.08 > 0.00713 m
17.24.08 > Getting pipe properties for pipe with ID 7037...
17.24.08 > Pipe properties:
17.24.08 > {'len': 0.419, 'dim': 0.025}
17.24.08 > Getting linear pressure drop for pipe with ID 7037...
17.24.08 > Linear pressure drop:
17.24.08 > 0.00298 m
17.24.08 > Getting local pressure drop for connection with ID 7020...
17.24.08 > Getting fitting properties for fitting with ID 7020...
17.24.09 > Model imported...
17.24.09 > Creating topology...
17.24.09 > Finding path...
17.24.09 > Fitting properties:
17.24.09 > {'dim': [None, (0.025, 0.025), (0.025, 0.025)], 'dir': [None, (1, 0, 0), (0, 0, 1)], 'type': 'JUNCTION'}
17.24.09 > Local pressure drop:
17.24.09 > 0.05145 m
17.24.09 > Getting pipe properties for pipe with ID 6962...
17.24.09 > Pipe properties:
17.24.09 > {'len': 0.118, 'dim': 0.025}
17.24.09 > Getting linear pressure drop for pipe with ID 6962...
17.24.09 > Linear pressure drop:
17.24.09 > 0.00282 m
17.24.09 > Getting local pressure drop for connection with ID 6943...
17.24.09 > Getting fitting properties for fitting with ID 6943...
17.24.09 > Model imported...
17.24.09 > Creating topology...
17.24.10 > Finding path...
17.24.10 > Fitting properties:
17.24.10 > {'dim': [(0.025, 0.025), (0.025, 0.025), (0.025, 0.025)], 'dir': [(1, 0, 0), (1, 0, 0), (1, 0, 0)], 'type': 'JUNCTION'}
17.24.10 > Local pressure drop:
17.24.10 > 0.13252 m
17.24.10 > Getting pipe properties for pipe with ID 4574...
17.24.10 > Pipe properties:
17.24.10 > {'len': 0.87, 'dim': 0.025}
17.24.10 > Getting linear pressure drop for pipe with ID 4574...
17.24.10 > Linear pressure drop:
17.24.10 > 0.05087 m
17.24.10 > Getting local pressure drop for connection with ID 8087...
17.24.10 > Getting valve properties for valve with ID 8087...
17.24.10 > Model imported...
17.24.10 > Creating topology...
17.24.10 > Finding path...
17.24.10 > Valve properties:
17.24.10 > {'dim': [(0.025, 0.025), (0.025, 0.025), (0.025, 0.025)], 'type': 'ISOLATING'}
17.24.10 > Local pressure drop:
17.24.10 > 0.01104 m
17.24.10 > Getting pipe properties for pipe with ID 8107...
17.24.10 > Pipe properties:
17.24.10 > {'len': 1.664, 'dim': 0.025}
17.24.10 > Getting linear pressure drop for pipe with ID 8107...
17.24.10 > Linear pressure drop:
17.24.10 > 0.0973 m
17.24.10 > Getting local pressure drop for connection with ID 5357...
17.24.10 > Getting fitting properties for fitting with ID 5357...
17.24.11 > Model imported...
17.24.11 > Creating topology...
17.24.11 > Finding path...
17.24.11 > Fitting properties:
17.24.11 > {'dim': [(0.025, 0.025), (0.025, 0.025), (0.025, 0.025)], 'dir': [(0, 0, 1), (0, 0, 1), (0, 0, 1)], 'type': 'BEND'}
17.24.11 > Local pressure drop:
17.24.11 > 0.06626 m
17.24.11 > Getting pipe properties for pipe with ID 8398...
17.24.11 > Pipe properties:
17.24.11 > {'len': 0.549, 'dim': 0.025}
17.24.11 > Getting linear pressure drop for pipe with ID 8398...
17.24.11 > Linear pressure drop:
17.24.11 > 0.0321 m
17.24.11 > Available pressure at the sanitary terminal:
17.24.11 > 2.54 m
17.24.31 > Model imported...
17.24.31 > Creating topology...
17.24.31 > Finding path...
17.24.31 > Getting available pressure at sanitary terminal with ID 7061...
17.24.31 > Getting local pressure drop for connection with ID 7848...
17.24.31 > Getting fitting properties for fitting with ID 7848...
17.24.31 > Model imported...
17.24.31 > Creating topology...
17.24.32 > Finding path...
17.24.32 > Fitting properties:
17.24.32 > {'dim': [None, None, (0.025, 0.025)], 'dir': [None, None, (0, 1, 0)], 'type': 'EXIT'}
17.24.32 > Local pressure drop:
17.24.32 > 0.00713 m
17.24.32 > Getting pipe properties for pipe with ID 7003...
17.24.32 > Pipe properties:
17.24.32 > {'len': 0.67, 'dim': 0.025}
17.24.32 > Getting linear pressure drop for pipe with ID 7003...
17.24.32 > Linear pressure drop:
17.24.32 > 0.00476 m
17.24.32 > Getting local pressure drop for connection with ID 7020...
17.24.32 > Getting fitting properties for fitting with ID 7020...
17.24.32 > Model imported...
17.24.32 > Creating topology...
17.24.33 > Finding path...
17.24.33 > Fitting properties:
17.24.33 > {'dim': [None, (0.025, 0.025), (0.025, 0.025)], 'dir': [None, (1, 0, 0), (0, 0, 1)], 'type': 'JUNCTION'}
17.24.33 > Local pressure drop:
17.24.33 > 0.05145 m
17.24.33 > Getting pipe properties for pipe with ID 6962...
17.24.33 > Pipe properties:
17.24.33 > {'len': 0.118, 'dim': 0.025}
17.24.33 > Getting linear pressure drop for pipe with ID 6962...
17.24.33 > Linear pressure drop:
17.24.33 > 0.00282 m
17.24.33 > Getting local pressure drop for connection with ID 6943...
17.24.33 > Getting fitting properties for fitting with ID 6943...
17.24.33 > Model imported...
17.24.33 > Creating topology...
17.24.33 > Finding path...
17.24.33 > Fitting properties:
17.24.33 > {'dim': [(0.025, 0.025), (0.025, 0.025), (0.025, 0.025)], 'dir': [(1, 0, 0), (1, 0, 0), (1, 0, 0)], 'type': 'JUNCTION'}
17.24.33 > Local pressure drop:
17.24.33 > 0.13252 m
17.24.33 > Getting pipe properties for pipe with ID 4574...
17.24.33 > Pipe properties:
17.24.33 > {'len': 0.87, 'dim': 0.025}
17.24.33 > Getting linear pressure drop for pipe with ID 4574...
17.24.33 > Linear pressure drop:
17.24.33 > 0.05087 m
17.24.33 > Getting local pressure drop for connection with ID 8087...
17.24.33 > Getting valve properties for valve with ID 8087...
17.24.33 > Model imported...
17.24.33 > Creating topology...
17.24.34 > Finding path...
17.24.34 > Valve properties:
17.24.34 > {'dim': [(0.025, 0.025), (0.025, 0.025), (0.025, 0.025)], 'type': 'ISOLATING'}
17.24.34 > Local pressure drop:
17.24.34 > 0.01104 m
17.24.34 > Getting pipe properties for pipe with ID 8107...
17.24.34 > Pipe properties:
17.24.34 > {'len': 1.664, 'dim': 0.025}
17.24.34 > Getting linear pressure drop for pipe with ID 8107...
17.24.34 > Linear pressure drop:
17.24.34 > 0.0973 m
17.24.34 > Getting local pressure drop for connection with ID 5357...
17.24.34 > Getting fitting properties for fitting with ID 5357...
17.24.34 > Model imported...
17.24.34 > Creating topology...
17.24.35 > Finding path...
17.24.35 > Fitting properties:
17.24.35 > {'dim': [(0.025, 0.025), (0.025, 0.025), (0.025, 0.025)], 'dir': [(0, 0, 1), (0, 0, 1), (0, 0, 1)], 'type': 'BEND'}
17.24.35 > Local pressure drop:
17.24.35 > 0.06626 m
17.24.35 > Getting pipe properties for pipe with ID 8398...
17.24.35 > Pipe properties:
17.24.35 > {'len': 0.549, 'dim': 0.025}
17.24.35 > Getting linear pressure drop for pipe with ID 8398...
17.24.35 > Linear pressure drop:
17.24.35 > 0.0321 m
17.24.35 > Available pressure at the sanitary terminal:
17.24.35 > 3.24 m
15.32.21 > Model imported...
15.32.21 > Creating topology...
15.32.21 > Finding path...
15.33.09 > Model imported...
15.33.10 > Creating topology...
15.33.10 > Finding path...
15.33.46 > Model imported...
15.33.46 > Creating topology...
15.33.46 > Finding path...
15.34.04 > Model imported...
15.34.04 > Creating topology...
15.34.04 > Finding path...
15.34.24 > Model imported...
15.34.24 > Creating topology...
15.34.24 > Finding path...
15.35.34 > Model imported...
15.35.34 > Creating topology...
15.35.34 > Finding path...
15.36.11 > Model imported...
15.36.11 > Creating topology...
15.36.11 > Finding path...
15.36.27 > Model imported...
15.36.27 > Creating topology...
15.36.27 > Finding path...
15.36.41 > Model imported...
15.36.41 > Creating topology...
15.36.41 > Finding path...
15.39.13 > Model imported...
15.39.13 > Creating topology...
15.39.13 > Finding path...
15.50.14 > Model imported...
15.50.14 > Creating topology...
15.50.14 > Finding path...
15.50.23 > Model imported...
15.50.23 > Creating topology...
15.50.23 > Finding path...
15.50.56 > Model imported...
15.50.56 > Creating topology...
15.50.56 > Finding path...
15.51.47 > Model imported...
15.51.47 > Creating topology...
15.51.47 > Finding path...
15.52.31 > Model imported...
15.52.31 > Creating topology...
15.52.31 > Finding path...
15.53.38 > Model imported...
15.53.38 > Creating topology...
15.53.38 > Finding path...
15.53.48 > Model imported...
15.53.48 > Creating topology...
15.53.48 > Finding path...
15.53.58 > Model imported...
15.53.58 > Creating topology...
15.53.58 > Finding path...
15.55.38 > Model imported...
15.55.38 > Creating topology...
15.55.38 > Finding path...
15.55.38 > Getting available pressure at sanitary terminal with ID 7061...
15.55.38 > Getting local pressure drop for connection with ID 7848...
15.55.38 > Getting fitting properties for fitting with ID 7848...
15.55.38 > Model imported...
15.55.38 > Creating topology...
15.55.39 > Finding path...
15.55.39 > Fitting properties:
15.55.39 > {'dim': [None, None, (0.025, 0.025)], 'dir': [None, None, (0, 1, 0)], 'type': 'EXIT'}
15.55.39 > Local pressure drop:
15.55.39 > 0.00713 m
15.55.39 > Getting pipe properties for pipe with ID 7003...
15.55.39 > Pipe properties:
15.55.39 > {'len': 0.67, 'dim': 0.025}
15.55.39 > Getting linear pressure drop for pipe with ID 7003...
15.55.39 > Linear pressure drop:
15.55.39 > 0.00476 m
15.55.39 > Getting local pressure drop for connection with ID 7020...
15.55.39 > Getting fitting properties for fitting with ID 7020...
15.55.39 > Model imported...
15.55.39 > Creating topology...
15.55.39 > Finding path...
15.55.39 > Fitting properties:
15.55.39 > {'dim': [None, (0.025, 0.025), (0.025, 0.025)], 'dir': [None, (1, 0, 0), (0, 0, 1)], 'type': 'JUNCTION'}
15.55.40 > Local pressure drop:
15.55.40 > 0.05145 m
15.55.40 > Getting pipe properties for pipe with ID 6962...
15.55.40 > Pipe properties:
15.55.40 > {'len': 0.118, 'dim': 0.025}
15.55.40 > Getting linear pressure drop for pipe with ID 6962...
15.55.40 > Linear pressure drop:
15.55.40 > 0.00282 m
15.55.40 > Getting local pressure drop for connection with ID 6943...
15.55.40 > Getting fitting properties for fitting with ID 6943...
15.55.40 > Model imported...
15.55.40 > Creating topology...
15.55.40 > Finding path...
15.55.40 > Fitting properties:
15.55.40 > {'dim': [(0.025, 0.025), (0.025, 0.025), (0.025, 0.025)], 'dir': [(1, 0, 0), (1, 0, 0), (1, 0, 0)], 'type': 'JUNCTION'}
15.55.40 > Local pressure drop:
15.55.40 > 0.13252 m
15.55.40 > Getting pipe properties for pipe with ID 4574...
15.55.40 > Pipe properties:
15.55.40 > {'len': 0.87, 'dim': 0.025}
15.55.40 > Getting linear pressure drop for pipe with ID 4574...
15.55.40 > Linear pressure drop:
15.55.40 > 0.05087 m
15.55.40 > Getting local pressure drop for connection with ID 8087...
15.55.40 > Getting valve properties for valve with ID 8087...
15.55.40 > Model imported...
15.55.40 > Creating topology...
15.55.41 > Finding path...
15.55.41 > Valve properties:
15.55.41 > {'dim': [(0.025, 0.025), (0.025, 0.025), (0.025, 0.025)], 'type': 'ISOLATING'}
15.55.41 > Local pressure drop:
15.55.41 > 0.01104 m
15.55.41 > Getting pipe properties for pipe with ID 8107...
15.55.41 > Pipe properties:
15.55.41 > {'len': 1.664, 'dim': 0.025}
15.55.41 > Getting linear pressure drop for pipe with ID 8107...
15.55.41 > Linear pressure drop:
15.55.41 > 0.0973 m
15.55.41 > Getting local pressure drop for connection with ID 5357...
15.55.41 > Getting fitting properties for fitting with ID 5357...
15.55.41 > Model imported...
15.55.41 > Creating topology...
15.55.41 > Finding path...
15.55.41 > Fitting properties:
15.55.41 > {'dim': [(0.025, 0.025), (0.025, 0.025), (0.025, 0.025)], 'dir': [(0, 0, 1), (0, 0, 1), (0, 0, 1)], 'type': 'BEND'}
15.55.41 > Local pressure drop:
15.55.41 > 0.06626 m
15.55.41 > Getting pipe properties for pipe with ID 8398...
15.55.41 > Pipe properties:
15.55.41 > {'len': 0.549, 'dim': 0.025}
15.55.41 > Getting linear pressure drop for pipe with ID 8398...
15.55.41 > Linear pressure drop:
15.55.41 > 0.0321 m
15.55.41 > Available pressure at the sanitary terminal:
15.55.41 > 3.24 m
16.28.07 > Model imported...
16.28.07 > Creating topology...
16.28.08 > Finding path...
16.28.08 > Getting available pressure at sanitary terminal with ID 5423...
16.28.08 > Getting local pressure drop for connection with ID 6141...
16.28.08 > Getting fitting properties for fitting with ID 6141...
16.28.08 > Model imported...
16.28.08 > Creating topology...
16.28.08 > Finding path...
16.28.08 > Fitting properties:
16.28.08 > {'dim': [(0.025, 0.025), None, None], 'dir': [(0, 1, 0), None, None], 'type': 'EXIT'}
16.28.08 > Local pressure drop:
16.28.08 > 0.01214 m
16.28.08 > Getting pipe properties for pipe with ID 5399...
16.28.08 > Pipe properties:
16.28.08 > {'len': 0.959, 'dim': 0.025}
16.28.08 > Getting linear pressure drop for pipe with ID 5399...
16.28.08 > Linear pressure drop:
16.28.08 > 0.01128 m
16.28.08 > Getting local pressure drop for connection with ID 8356...
16.28.08 > Getting valve properties for valve with ID 8356...
16.28.08 > Model imported...
16.28.08 > Creating topology...
16.28.09 > Finding path...
16.28.09 > Valve properties:
16.28.09 > {'dim': [(0.025, 0.025), None, None], 'type': 'REGULATING'}
16.28.09 > Local pressure drop:
16.28.09 > 0.11534 m
16.28.09 > Getting pipe properties for pipe with ID 8375...
16.28.09 > Pipe properties:
16.28.09 > {'len': 0.168, 'dim': 0.025}
16.28.09 > Getting linear pressure drop for pipe with ID 8375...
16.28.09 > Linear pressure drop:
16.28.09 > 0.00198 m
16.28.09 > Getting local pressure drop for connection with ID 5434...
16.28.09 > Getting fitting properties for fitting with ID 5434...
16.28.09 > Model imported...
16.28.09 > Creating topology...
16.28.10 > Finding path...
16.28.10 > Fitting properties:
16.28.10 > {'dim': [(0.025, 0.025), None, None], 'dir': [(0, 0, 1), None, None], 'type': 'BEND'}
16.28.10 > Local pressure drop:
16.28.10 > 0.01214 m
16.28.10 > Getting pipe properties for pipe with ID 5376...
16.28.10 > Pipe properties:
16.28.10 > {'len': 0.696, 'dim': 0.025}
16.28.10 > Getting linear pressure drop for pipe with ID 5376...
16.28.10 > Linear pressure drop:
16.28.10 > 0.00819 m
16.28.10 > Getting local pressure drop for connection with ID 6943...
16.28.10 > Getting fitting properties for fitting with ID 6943...
16.28.10 > Model imported...
16.28.10 > Creating topology...
16.28.10 > Finding path...
16.28.10 > Fitting properties:
16.28.10 > {'dim': [(0.025, 0.025), (0.025, 0.025), (0.025, 0.025)], 'dir': [(1, 0, 0), (1, 0, 0), (1, 0, 0)], 'type': 'JUNCTION'}
16.28.10 > Local pressure drop:
16.28.10 > 0.13252 m
16.28.10 > Getting pipe properties for pipe with ID 4574...
16.28.10 > Pipe properties:
16.28.10 > {'len': 0.87, 'dim': 0.025}
16.28.10 > Getting linear pressure drop for pipe with ID 4574...
16.28.10 > Linear pressure drop:
16.28.10 > 0.05087 m
16.28.10 > Getting local pressure drop for connection with ID 8087...
16.28.10 > Getting valve properties for valve with ID 8087...
16.28.10 > Model imported...
16.28.10 > Creating topology...
16.28.11 > Finding path...
16.28.11 > Valve properties:
16.28.11 > {'dim': [(0.025, 0.025), (0.025, 0.025), (0.025, 0.025)], 'type': 'ISOLATING'}
16.28.11 > Local pressure drop:
16.28.11 > 0.01104 m
16.28.11 > Getting pipe properties for pipe with ID 8107...
16.28.11 > Pipe properties:
16.28.11 > {'len': 1.664, 'dim': 0.025}
16.28.11 > Getting linear pressure drop for pipe with ID 8107...
16.28.11 > Linear pressure drop:
16.28.11 > 0.0973 m
16.28.11 > Getting local pressure drop for connection with ID 5357...
16.28.11 > Getting fitting properties for fitting with ID 5357...
16.28.11 > Model imported...
16.28.11 > Creating topology...
16.28.11 > Finding path...
16.28.11 > Fitting properties:
16.28.11 > {'dim': [(0.025, 0.025), (0.025, 0.025), (0.025, 0.025)], 'dir': [(0, 0, 1), (0, 0, 1), (0, 0, 1)], 'type': 'BEND'}
16.28.11 > Local pressure drop:
16.28.11 > 0.06626 m
16.28.11 > Getting pipe properties for pipe with ID 8398...
16.28.11 > Pipe properties:
16.28.11 > {'len': 0.549, 'dim': 0.025}
16.28.11 > Getting linear pressure drop for pipe with ID 8398...
16.28.11 > Linear pressure drop:
16.28.11 > 0.0321 m
16.28.11 > Available pressure at the sanitary terminal:
16.28.11 > 1.25 m
13.46.17 > Model imported...
13.46.17 > Creating topology...
13.46.17 > Finding path...
13.46.18 > Getting available pressure at sanitary terminal with ID 5423...
13.46.18 > Getting local pressure drop for connection with ID 6141...
13.46.18 > Getting fitting properties for fitting with ID 6141...
13.46.18 > Model imported...
13.46.18 > Creating topology...
13.46.18 > Finding path...
13.46.18 > Fitting properties:
13.46.18 > {'dim': [(0.025, 0.025), None, None], 'dir': [(0, 1, 0), None, None], 'type': 'EXIT'}
13.46.18 > Local pressure drop:
13.46.18 > 0.01214 m
13.46.18 > Getting pipe properties for pipe with ID 5399...
13.46.18 > Pipe properties:
13.46.18 > {'len': 0.959, 'dim': 0.025}
13.46.18 > Getting linear pressure drop for pipe with ID 5399...
13.46.18 > Linear pressure drop:
13.46.18 > 0.01128 m
13.46.18 > Getting local pressure drop for connection with ID 8356...
13.46.18 > Getting valve properties for valve with ID 8356...
13.46.18 > Model imported...
13.46.18 > Creating topology...
13.46.19 > Finding path...
13.46.19 > Valve properties:
13.46.19 > {'dim': [(0.025, 0.025), None, None], 'type': 'REGULATING'}
13.46.19 > Local pressure drop:
13.46.19 > 0.11534 m
13.46.19 > Getting pipe properties for pipe with ID 8375...
13.46.19 > Pipe properties:
13.46.19 > {'len': 0.168, 'dim': 0.025}
13.46.19 > Getting linear pressure drop for pipe with ID 8375...
13.46.19 > Linear pressure drop:
13.46.19 > 0.00198 m
13.46.19 > Getting local pressure drop for connection with ID 5434...
13.46.19 > Getting fitting properties for fitting with ID 5434...
13.46.19 > Model imported...
13.46.19 > Creating topology...
13.46.19 > Finding path...
13.46.19 > Fitting properties:
13.46.19 > {'dim': [(0.025, 0.025), None, None], 'dir': [(0, 0, 1), None, None], 'type': 'BEND'}
13.46.19 > Local pressure drop:
13.46.19 > 0.01214 m
13.46.19 > Getting pipe properties for pipe with ID 5376...
13.46.19 > Pipe properties:
13.46.19 > {'len': 0.696, 'dim': 0.025}
13.46.19 > Getting linear pressure drop for pipe with ID 5376...
13.46.19 > Linear pressure drop:
13.46.19 > 0.00819 m
13.46.19 > Getting local pressure drop for connection with ID 6943...
13.46.19 > Getting fitting properties for fitting with ID 6943...
13.46.20 > Model imported...
13.46.20 > Creating topology...
13.46.20 > Finding path...
13.46.20 > Fitting properties:
13.46.20 > {'dim': [(0.025, 0.025), (0.025, 0.025), (0.025, 0.025)], 'dir': [(1, 0, 0), (1, 0, 0), (1, 0, 0)], 'type': 'JUNCTION'}
13.46.20 > Local pressure drop:
13.46.20 > 0.13252 m
13.46.20 > Getting pipe properties for pipe with ID 4574...
13.46.20 > Pipe properties:
13.46.20 > {'len': 0.87, 'dim': 0.025}
13.46.20 > Getting linear pressure drop for pipe with ID 4574...
13.46.20 > Linear pressure drop:
13.46.20 > 0.05087 m
13.46.20 > Getting local pressure drop for connection with ID 8087...
13.46.20 > Getting valve properties for valve with ID 8087...
13.46.20 > Model imported...
13.46.20 > Creating topology...
13.46.21 > Finding path...
13.46.21 > Valve properties:
13.46.21 > {'dim': [(0.025, 0.025), (0.025, 0.025), (0.025, 0.025)], 'type': 'ISOLATING'}
13.46.21 > Local pressure drop:
13.46.21 > 0.01104 m
13.46.21 > Getting pipe properties for pipe with ID 8107...
13.46.21 > Pipe properties:
13.46.21 > {'len': 1.664, 'dim': 0.025}
13.46.21 > Getting linear pressure drop for pipe with ID 8107...
13.46.21 > Linear pressure drop:
13.46.21 > 0.0973 m
13.46.21 > Getting local pressure drop for connection with ID 5357...
13.46.21 > Getting fitting properties for fitting with ID 5357...
13.46.21 > Model imported...
13.46.21 > Creating topology...
13.46.22 > Finding path...
13.46.22 > Fitting properties:
13.46.22 > {'dim': [(0.025, 0.025), (0.025, 0.025), (0.025, 0.025)], 'dir': [(0, 0, 1), (0, 0, 1), (0, 0, 1)], 'type': 'BEND'}
13.46.22 > Local pressure drop:
13.46.22 > 0.06626 m
13.46.22 > Getting pipe properties for pipe with ID 8398...
13.46.22 > Pipe properties:
13.46.22 > {'len': 0.549, 'dim': 0.025}
13.46.22 > Getting linear pressure drop for pipe with ID 8398...
13.46.22 > Linear pressure drop:
13.46.22 > 0.0321 m
13.46.22 > Available pressure at the sanitary terminal:
13.46.22 > 1.25 m
15.25.49 > Model imported...
15.25.49 > Creating topology...
15.25.50 > Finding path...
15.25.50 > Getting available pressure at sanitary terminal with ID 5423...
15.25.50 > Getting local pressure drop for connection with ID 6141...
15.25.50 > Getting fitting properties for fitting with ID 6141...
15.25.50 > Model imported...
15.25.50 > Creating topology...
15.25.50 > Finding path...
15.25.50 > Fitting properties:
15.25.50 > {'dim': [(0.025, 0.025), None, None], 'dir': [(0, 1, 0), None, None], 'type': 'EXIT'}
15.25.50 > Local pressure drop:
15.25.50 > 0.01214 m
15.25.50 > Getting pipe properties for pipe with ID 5399...
15.25.50 > Pipe properties:
15.25.50 > {'len': 0.959, 'dim': 0.025}
15.25.50 > Getting linear pressure drop for pipe with ID 5399...
15.25.50 > Linear pressure drop:
15.25.50 > 0.01128 m
15.25.50 > Getting local pressure drop for connection with ID 8356...
15.25.50 > Getting valve properties for valve with ID 8356...
15.25.50 > Model imported...
15.25.50 > Creating topology...
15.25.50 > Finding path...
15.25.50 > Valve properties:
15.25.50 > {'dim': [(0.025, 0.025), None, None], 'type': 'REGULATING'}
15.25.50 > Local pressure drop:
15.25.50 > 0.11534 m
15.25.50 > Getting pipe properties for pipe with ID 8375...
15.25.50 > Pipe properties:
15.25.50 > {'len': 0.168, 'dim': 0.025}
15.25.50 > Getting linear pressure drop for pipe with ID 8375...
15.25.50 > Linear pressure drop:
15.25.50 > 0.00198 m
15.25.50 > Getting local pressure drop for connection with ID 5434...
15.25.50 > Getting fitting properties for fitting with ID 5434...
15.25.50 > Model imported...
15.25.50 > Creating topology...
15.25.50 > Finding path...
15.25.51 > Fitting properties:
15.25.51 > {'dim': [(0.025, 0.025), None, None], 'dir': [(0, 0, 1), None, None], 'type': 'BEND'}
15.25.51 > Local pressure drop:
15.25.51 > 0.01214 m
15.25.51 > Getting pipe properties for pipe with ID 5376...
15.25.51 > Pipe properties:
15.25.51 > {'len': 0.696, 'dim': 0.025}
15.25.51 > Getting linear pressure drop for pipe with ID 5376...
15.25.51 > Linear pressure drop:
15.25.51 > 0.00819 m
15.25.51 > Getting local pressure drop for connection with ID 6943...
15.25.51 > Getting fitting properties for fitting with ID 6943...
15.25.51 > Model imported...
15.25.51 > Creating topology...
15.25.51 > Finding path...
15.25.51 > Fitting properties:
15.25.51 > {'dim': [(0.025, 0.025), (0.025, 0.025), (0.025, 0.025)], 'dir': [(1, 0, 0), (1, 0, 0), (1, 0, 0)], 'type': 'JUNCTION'}
15.25.51 > Local pressure drop:
15.25.51 > 0.13252 m
15.25.51 > Getting pipe properties for pipe with ID 4574...
15.25.51 > Pipe properties:
15.25.51 > {'len': 0.87, 'dim': 0.025}
15.25.51 > Getting linear pressure drop for pipe with ID 4574...
15.25.51 > Linear pressure drop:
15.25.51 > 0.05087 m
15.25.51 > Getting local pressure drop for connection with ID 8087...
15.25.51 > Getting valve properties for valve with ID 8087...
15.25.51 > Model imported...
15.25.51 > Creating topology...
15.25.51 > Finding path...
15.25.51 > Valve properties:
15.25.51 > {'dim': [(0.025, 0.025), (0.025, 0.025), (0.025, 0.025)], 'type': 'ISOLATING'}
15.25.51 > Local pressure drop:
15.25.51 > 0.01104 m
15.25.51 > Getting pipe properties for pipe with ID 8107...
15.25.51 > Pipe properties:
15.25.51 > {'len': 1.664, 'dim': 0.025}
15.25.51 > Getting linear pressure drop for pipe with ID 8107...
15.25.51 > Linear pressure drop:
15.25.51 > 0.0973 m
15.25.51 > Getting local pressure drop for connection with ID 5357...
15.25.51 > Getting fitting properties for fitting with ID 5357...
15.25.51 > Model imported...
15.25.51 > Creating topology...
15.25.51 > Finding path...
15.25.51 > Fitting properties:
15.25.51 > {'dim': [(0.025, 0.025), (0.025, 0.025), (0.025, 0.025)], 'dir': [(0, 0, 1), (0, 0, 1), (0, 0, 1)], 'type': 'BEND'}
15.25.51 > Local pressure drop:
15.25.51 > 0.06626 m
15.25.51 > Getting pipe properties for pipe with ID 8398...
15.25.51 > Pipe properties:
15.25.51 > {'len': 0.549, 'dim': 0.025}
15.25.51 > Getting linear pressure drop for pipe with ID 8398...
15.25.51 > Linear pressure drop:
15.25.51 > 0.0321 m
15.25.51 > Available pressure at the sanitary terminal:
15.25.51 > 1.25 m
